SampleDigitalCare/launchDigitalCare/build/outputs/apk/manifest-merger-debug-report.txt
-- Merging decision tree log ---
manifest
ADDED from AndroidManifest.xml:1:1
	package
		ADDED from AndroidManifest.xml:2:5
		INJECTED from AndroidManifest.xml:0:0
		INJECTED from AndroidManifest.xml:0:0
	android:versionName
		ADDED from AndroidManifest.xml:4:5
	android:versionCode
		ADDED from AndroidManifest.xml:3:5
		INJECTED from AndroidManifest.xml:0:0
		INJECTED from AndroidManifest.xml:0:0
	xmlns:android
		ADDED from AndroidManifest.xml:1:11
uses-sdk
ADDED from AndroidManifest.xml:6:5
MERGED from LaunchDigitalCare1:digitalCare:unspecified:8:5
MERGED from com.google.android.gms:play-services:6.5.87:18:5
MERGED from com.android.support:support-v4:21.0.0:15:5
MERGED from com.android.support:appcompat-v7:18.0.0:18:5
MERGED from com.android.support:support-v4:21.0.0:15:5
MERGED from com.google.android.gms:play-services:6.5.87:18:5
MERGED from com.android.support:support-v4:21.0.0:15:5
	android:targetSdkVersion
		ADDED from AndroidManifest.xml:8:9
		INJECTED from AndroidManifest.xml:0:0
		INJECTED from AndroidManifest.xml:0:0
	android:minSdkVersion
		ADDED from AndroidManifest.xml:7:9
		INJECTED from AndroidManifest.xml:0:0
		INJECTED from AndroidManifest.xml:0:0
uses-feature#0x00020000
ADDED from AndroidManifest.xml:10:5
MERGED from LaunchDigitalCare1:digitalCare:unspecified:25:5
	android:glEsVersion
		ADDED from AndroidManifest.xml:11:9
	android:required
		ADDED from AndroidManifest.xml:12:9
application
ADDED from AndroidManifest.xml:14:5
MERGED from LaunchDigitalCare1:digitalCare:unspecified:29:5
MERGED from com.google.android.gms:play-services:6.5.87:20:5
MERGED from com.android.support:support-v4:21.0.0:16:5
MERGED from com.android.support:appcompat-v7:18.0.0:19:5
MERGED from com.android.support:support-v4:21.0.0:16:5
MERGED from com.google.android.gms:play-services:6.5.87:20:5
MERGED from com.android.support:support-v4:21.0.0:16:5
	android:label
		ADDED from AndroidManifest.xml:17:9
	android:allowBackup
		ADDED from AndroidManifest.xml:15:9
	android:icon
		ADDED from AndroidManifest.xml:16:9
	android:theme
		ADDED from LaunchDigitalCare1:digitalCare:unspecified:32:9
activity#com.philips.cl.di.sampledigitalcareapp.DummyScreen
ADDED from AndroidManifest.xml:18:9
	android:configChanges
		ADDED from AndroidManifest.xml:20:13
	android:name
		ADDED from AndroidManifest.xml:19:13
intent-filter#android.intent.action.dummyScreen+android.intent.category.DEFAULT
ADDED from AndroidManifest.xml:21:13
action#android.intent.action.dummyScreen
ADDED from AndroidManifest.xml:22:17
	android:name
		ADDED from AndroidManifest.xml:22:25
category#android.intent.category.DEFAULT
ADDED from AndroidManifest.xml:24:17
	android:name
		ADDED from AndroidManifest.xml:24:27
activity#com.philips.cl.di.sampledigitalcareapp.LaunchDigitalCare
ADDED from AndroidManifest.xml:27:9
	android:label
		ADDED from AndroidManifest.xml:30:13
	android:configChanges
		ADDED from AndroidManifest.xml:29:13
	android:name
		ADDED from AndroidManifest.xml:28:13
intent-filter#android.intent.action.MAIN+android.intent.category.LAUNCHER
ADDED from AndroidManifest.xml:31:13
action#android.intent.action.MAIN
ADDED from AndroidManifest.xml:32:17
	android:name
		ADDED from AndroidManifest.xml:32:25
category#android.intent.category.LAUNCHER
ADDED from AndroidManifest.xml:34:17
	android:name
		ADDED from AndroidManifest.xml:34:27
uses-permission#android.permission.INTERNET
ADDED from LaunchDigitalCare1:digitalCare:unspecified:12:5
	android:name
		ADDED from LaunchDigitalCare1:digitalCare:unspecified:12:22
uses-permission#android.permission.ACCESS_COARSE_LOCATION
ADDED from LaunchDigitalCare1:digitalCare:unspecified:13:5
	android:name
		ADDED from LaunchDigitalCare1:digitalCare:unspecified:13:22
uses-permission#android.permission.ACCESS_FINE_LOCATION
ADDED from LaunchDigitalCare1:digitalCare:unspecified:14:5
	android:name
		ADDED from LaunchDigitalCare1:digitalCare:unspecified:14:22
uses-permission#android.permission.CALL_PHONE
ADDED from LaunchDigitalCare1:digitalCare:unspecified:15:5
	android:name
		ADDED from LaunchDigitalCare1:digitalCare:unspecified:15:22
uses-permission#android.permission.WRITE_EXTERNAL_STORAGE
ADDED from LaunchDigitalCare1:digitalCare:unspecified:16:5
	android:name
		ADDED from LaunchDigitalCare1:digitalCare:unspecified:16:22
uses-permission#android.permission.ACCESS_NETWORK_STATE
ADDED from LaunchDigitalCare1:digitalCare:unspecified:17:5
	android:name
		ADDED from LaunchDigitalCare1:digitalCare:unspecified:17:22
uses-permission#com.google.android.providers.gsf.permission.READ_GSERVICES
ADDED from LaunchDigitalCare1:digitalCare:unspecified:18:5
	android:name
		ADDED from LaunchDigitalCare1:digitalCare:unspecified:18:22
uses-permission#com.philips.cl.di.digitalcare.permission.MAPS_RECEIVE
ADDED from LaunchDigitalCare1:digitalCare:unspecified:19:5
	android:name
		ADDED from LaunchDigitalCare1:digitalCare:unspecified:19:22
permission#com.philips.cl.di.digitalcare.permission.MAPS_RECEIVE
ADDED from LaunchDigitalCare1:digitalCare:unspecified:21:5
	android:protectionLevel
		ADDED from LaunchDigitalCare1:digitalCare:unspecified:23:9
	android:name
		ADDED from LaunchDigitalCare1:digitalCare:unspecified:22:9
activity#com.philips.cl.di.digitalcare.DigitalCareActivity
ADDED from LaunchDigitalCare1:digitalCare:unspecified:33:9
	android:label
		ADDED from LaunchDigitalCare1:digitalCare:unspecified:37:13
	android:exported
		ADDED from LaunchDigitalCare1:digitalCare:unspecified:36:13
	android:configChanges
		ADDED from LaunchDigitalCare1:digitalCare:unspecified:35:13
	android:name
		ADDED from LaunchDigitalCare1:digitalCare:unspecified:34:13
intent-filter#android.intent.action.SUPPORT_DIGITAL+android.intent.category.DEFAULT
ADDED from LaunchDigitalCare1:digitalCare:unspecified:46:13
action#android.intent.action.SUPPORT_DIGITAL
ADDED from LaunchDigitalCare1:digitalCare:unspecified:47:17
	android:name
		ADDED from LaunchDigitalCare1:digitalCare:unspecified:47:25
receiver#com.philips.cl.di.digitalcare.util.NetworkReceiver
ADDED from LaunchDigitalCare1:digitalCare:unspecified:53:9
	android:exported
		ADDED from LaunchDigitalCare1:digitalCare:unspecified:55:13
	android:name
		ADDED from LaunchDigitalCare1:digitalCare:unspecified:54:13
intent-filter#android.net.conn.CONNECTIVITY_CHANGE
ADDED from LaunchDigitalCare1:digitalCare:unspecified:56:13
	android:priority
		ADDED from LaunchDigitalCare1:digitalCare:unspecified:56:28
action#android.net.conn.CONNECTIVITY_CHANGE
ADDED from LaunchDigitalCare1:digitalCare:unspecified:57:17
	android:name
		ADDED from LaunchDigitalCare1:digitalCare:unspecified:57:25
activity#com.philips.cl.di.digitalcare.social.twitter.TwitterAuthenticationActivity
ADDED from LaunchDigitalCare1:digitalCare:unspecified:81:9
	android:label
		ADDED from LaunchDigitalCare1:digitalCare:unspecified:84:13
	android:configChanges
		ADDED from LaunchDigitalCare1:digitalCare:unspecified:83:13
	android:name
		ADDED from LaunchDigitalCare1:digitalCare:unspecified:82:13
meta-data#com.google.android.gms.version
ADDED from LaunchDigitalCare1:digitalCare:unspecified:87:9
MERGED from com.google.android.gms:play-services:6.5.87:21:9
MERGED from com.google.android.gms:play-services:6.5.87:21:9
	android:value
		ADDED from LaunchDigitalCare1:digitalCare:unspecified:89:13
	android:name
		ADDED from LaunchDigitalCare1:digitalCare:unspecified:88:13
meta-data#com.google.android.maps.v2.API_KEY
ADDED from LaunchDigitalCare1:digitalCare:unspecified:90:9
	android:value
		ADDED from LaunchDigitalCare1:digitalCare:unspecified:92:13
	android:name
		ADDED from LaunchDigitalCare1:digitalCare:unspecified:91:13